{
  "RSpec": {
    "coverage": {
      "/Users/charlesren/Desktop/turing_work/3modRepeat/projects/rails_engine_fe_7/config/environment.rb": {
        "lines": [
          null,
          1,
          null,
          null,
          1
        ]
      },
      "/Users/charlesren/Desktop/turing_work/3modRepeat/projects/rails_engine_fe_7/config/application.rb": {
        "lines": [
          1,
          null,
          1,
          null,
          1,
          1,
          1,
          1,
          1,
          1,
          1,
          1,
          1,
          1,
          null,
          null,
          null,
          null,
          1,
          null,
          1,
          1,
          null,
          1,
          null,
          null,
          null,
          null,
          null,
          null,
          null,
          null,
          null,
          null,
          1,
          null,
          null
        ]
      },
      "/Users/charlesren/Desktop/turing_work/3modRepeat/projects/rails_engine_fe_7/config/boot.rb": {
        "lines": [
          1,
          null,
          1,
          1
        ]
      },
      "/Users/charlesren/Desktop/turing_work/3modRepeat/projects/rails_engine_fe_7/config/environments/test.rb": {
        "lines": [
          1,
          null,
          null,
          null,
          null,
          null,
          null,
          1,
          null,
          null,
          null,
          1,
          null,
          null,
          null,
          null,
          1,
          null,
          null,
          1,
          1,
          null,
          null,
          null,
          null,
          1,
          1,
          1,
          null,
          null,
          1,
          null,
          null,
          1,
          null,
          null,
          1,
          null,
          1,
          null,
          null,
          null,
          null,
          1,
          null,
          null,
          1,
          null,
          null,
          1,
          null,
          null,
          1,
          null,
          null,
          null,
          null,
          null,
          null,
          null
        ]
      },
      "/Users/charlesren/Desktop/turing_work/3modRepeat/projects/rails_engine_fe_7/config/initializers/assets.rb": {
        "lines": [
          null,
          null,
          null,
          1,
          null,
          null,
          null,
          null,
          null,
          null,
          null,
          null
        ]
      },
      "/Users/charlesren/Desktop/turing_work/3modRepeat/projects/rails_engine_fe_7/config/initializers/content_security_policy.rb": {
        "lines": [
          null,
          null,
          null,
          null,
          null,
          null,
          null,
          null,
          null,
          null,
          null,
          null,
          null,
          null,
          null,
          null,
          null,
          null,
          null,
          null,
          null,
          null,
          null,
          null,
          null
        ]
      },
      "/Users/charlesren/Desktop/turing_work/3modRepeat/projects/rails_engine_fe_7/config/initializers/filter_parameter_logging.rb": {
        "lines": [
          null,
          null,
          null,
          null,
          null,
          1,
          null,
          null
        ]
      },
      "/Users/charlesren/Desktop/turing_work/3modRepeat/projects/rails_engine_fe_7/config/initializers/inflections.rb": {
        "lines": [
          null,
          null,
          null,
          null,
          null,
          null,
          null,
          null,
          null,
          null,
          null,
          null,
          null,
          null,
          null,
          null
        ]
      },
      "/Users/charlesren/Desktop/turing_work/3modRepeat/projects/rails_engine_fe_7/config/initializers/permissions_policy.rb": {
        "lines": [
          null,
          null,
          null,
          null,
          null,
          null,
          null,
          null,
          null,
          null,
          null
        ]
      },
      "/Users/charlesren/Desktop/turing_work/3modRepeat/projects/rails_engine_fe_7/config/routes.rb": {
        "lines": [
          1,
          1,
          1,
          null,
          null,
          null,
          null,
          null
        ]
      },
      "/Users/charlesren/Desktop/turing_work/3modRepeat/projects/rails_engine_fe_7/app/helpers/application_helper.rb": {
        "lines": [
          1,
          null
        ]
      },
      "/Users/charlesren/Desktop/turing_work/3modRepeat/projects/rails_engine_fe_7/app/helpers/items_helper.rb": {
        "lines": [
          1,
          null
        ]
      },
      "/Users/charlesren/Desktop/turing_work/3modRepeat/projects/rails_engine_fe_7/app/helpers/merchants_helper.rb": {
        "lines": [
          1,
          null
        ]
      },
      "/Users/charlesren/Desktop/turing_work/3modRepeat/projects/rails_engine_fe_7/spec/features/merchants/show_spec.rb": {
        "lines": [

        ]
      },
      "/Users/charlesren/Desktop/turing_work/3modRepeat/projects/rails_engine_fe_7/app/controllers/merchants_controller.rb": {
        "lines": [
          1,
          null,
          1,
          2,
          null,
          null,
          null,
          1,
          1,
          null,
          null
        ]
      },
      "/Users/charlesren/Desktop/turing_work/3modRepeat/projects/rails_engine_fe_7/app/controllers/application_controller.rb": {
        "lines": [
          1,
          null
        ]
      },
      "/Users/charlesren/Desktop/turing_work/3modRepeat/projects/rails_engine_fe_7/app/facades/merchant_facade.rb": {
        "lines": [
          null,
          null,
          1,
          null,
          1,
          2,
          2,
          null,
          2,
          null,
          200,
          null,
          null,
          null,
          1,
          1,
          1,
          null,
          1,
          25,
          null,
          null,
          null
        ]
      },
      "/Users/charlesren/Desktop/turing_work/3modRepeat/projects/rails_engine_fe_7/app/services/merchant_service.rb": {
        "lines": [
          1,
          1,
          3,
          null,
          null,
          1,
          3,
          3,
          null,
          null,
          1,
          2,
          null,
          null,
          1,
          1,
          null,
          null
        ]
      },
      "/Users/charlesren/Desktop/turing_work/3modRepeat/projects/rails_engine_fe_7/app/poros/merchant_poro.rb": {
        "lines": [
          1,
          1,
          null,
          1,
          200,
          200,
          null,
          null
        ]
      },
      "/Users/charlesren/Desktop/turing_work/3modRepeat/projects/rails_engine_fe_7/app/poros/item_poro.rb": {
        "lines": [
          1,
          1,
          null,
          1,
          null,
          25,
          25,
          25,
          25,
          null,
          null
        ]
      }
    },
    "timestamp": 1708033920
  }
}
