{
  "RSpec": {
    "coverage": {
      "/Users/charlesren/Desktop/turing_work/3modRepeat/projects/rails_engine_fe_7/config/environment.rb": {
        "lines": [
          null,
          1,
          null,
          null,
          1
        ]
      },
      "/Users/charlesren/Desktop/turing_work/3modRepeat/projects/rails_engine_fe_7/config/application.rb": {
        "lines": [
          1,
          null,
          1,
          null,
          1,
          1,
          1,
          1,
          1,
          1,
          1,
          1,
          1,
          1,
          null,
          null,
          null,
          null,
          1,
          null,
          1,
          1,
          null,
          1,
          null,
          null,
          null,
          null,
          null,
          null,
          null,
          null,
          null,
          null,
          1,
          null,
          null
        ]
      },
      "/Users/charlesren/Desktop/turing_work/3modRepeat/projects/rails_engine_fe_7/config/boot.rb": {
        "lines": [
          1,
          null,
          1,
          1
        ]
      },
      "/Users/charlesren/Desktop/turing_work/3modRepeat/projects/rails_engine_fe_7/config/environments/test.rb": {
        "lines": [
          1,
          null,
          null,
          null,
          null,
          null,
          null,
          1,
          null,
          null,
          null,
          1,
          null,
          null,
          null,
          null,
          1,
          null,
          null,
          1,
          1,
          null,
          null,
          null,
          null,
          1,
          1,
          1,
          null,
          null,
          1,
          null,
          null,
          1,
          null,
          null,
          1,
          null,
          1,
          null,
          null,
          null,
          null,
          1,
          null,
          null,
          1,
          null,
          null,
          1,
          null,
          null,
          1,
          null,
          null,
          null,
          null,
          null,
          null,
          null
        ]
      },
      "/Users/charlesren/Desktop/turing_work/3modRepeat/projects/rails_engine_fe_7/config/initializers/assets.rb": {
        "lines": [
          null,
          null,
          null,
          1,
          null,
          null,
          null,
          null,
          null,
          null,
          null,
          null
        ]
      },
      "/Users/charlesren/Desktop/turing_work/3modRepeat/projects/rails_engine_fe_7/config/initializers/content_security_policy.rb": {
        "lines": [
          null,
          null,
          null,
          null,
          null,
          null,
          null,
          null,
          null,
          null,
          null,
          null,
          null,
          null,
          null,
          null,
          null,
          null,
          null,
          null,
          null,
          null,
          null,
          null,
          null
        ]
      },
      "/Users/charlesren/Desktop/turing_work/3modRepeat/projects/rails_engine_fe_7/config/initializers/filter_parameter_logging.rb": {
        "lines": [
          null,
          null,
          null,
          null,
          null,
          1,
          null,
          null
        ]
      },
      "/Users/charlesren/Desktop/turing_work/3modRepeat/projects/rails_engine_fe_7/config/initializers/inflections.rb": {
        "lines": [
          null,
          null,
          null,
          null,
          null,
          null,
          null,
          null,
          null,
          null,
          null,
          null,
          null,
          null,
          null,
          null
        ]
      },
      "/Users/charlesren/Desktop/turing_work/3modRepeat/projects/rails_engine_fe_7/config/initializers/permissions_policy.rb": {
        "lines": [
          null,
          null,
          null,
          null,
          null,
          null,
          null,
          null,
          null,
          null,
          null
        ]
      },
      "/Users/charlesren/Desktop/turing_work/3modRepeat/projects/rails_engine_fe_7/config/routes.rb": {
        "lines": [
          1,
          1,
          1,
          null,
          null,
          null,
          null,
          null
        ]
      },
      "/Users/charlesren/Desktop/turing_work/3modRepeat/projects/rails_engine_fe_7/app/helpers/application_helper.rb": {
        "lines": [
          1,
          null
        ]
      },
      "/Users/charlesren/Desktop/turing_work/3modRepeat/projects/rails_engine_fe_7/app/helpers/items_helper.rb": {
        "lines": [
          1,
          null
        ]
      },
      "/Users/charlesren/Desktop/turing_work/3modRepeat/projects/rails_engine_fe_7/app/helpers/merchants_helper.rb": {
        "lines": [
          1,
          null
        ]
      },
      "/Users/charlesren/Desktop/turing_work/3modRepeat/projects/rails_engine_fe_7/app/models/item.rb": {
        "lines": [
          1,
          1,
          1,
          null
        ]
      },
      "/Users/charlesren/Desktop/turing_work/3modRepeat/projects/rails_engine_fe_7/app/models/application_record.rb": {
        "lines": [
          1,
          1,
          null
        ]
      },
      "/Users/charlesren/Desktop/turing_work/3modRepeat/projects/rails_engine_fe_7/spec/models/merchant_spec.rb": {
        "lines": [
          1,
          null,
          1,
          1,
          2,
          null,
          null,
          1,
          2,
          null,
          null
        ]
      },
      "/Users/charlesren/Desktop/turing_work/3modRepeat/projects/rails_engine_fe_7/app/models/merchant.rb": {
        "lines": [
          1,
          1,
          1,
          null
        ]
      }
    },
    "timestamp": 1708017308
  }
}
